2026-02-14 12:21:33,348 - INFO - Starting Sweetspot Telegram Bot...
2026-02-14 12:21:33,348 - INFO - Bot token: 8074227016... (hidden)
2026-02-14 12:21:33,348 - INFO - Email configured: Yes
2026-02-14 12:21:33,348 - INFO - Saved searches: 2
2026-02-14 12:21:36,290 - INFO - HTTP Request: POST https://api.telegram.org/bot8074227016:AAF7g_KVy1Km3d6Dxnxhy3CFkrWzTh81VN0/getMe "HTTP/1.1 200 OK"
2026-02-14 12:21:36,320 - INFO - HTTP Request: POST https://api.telegram.org/bot8074227016:AAF7g_KVy1Km3d6Dxnxhy3CFkrWzTh81VN0/deleteWebhook "HTTP/1.1 200 OK"
2026-02-14 12:21:36,322 - INFO - Application started
2026-02-14 12:21:44,790 - INFO - HTTP Request: POST https://api.telegram.org/bot8074227016:AAF7g_KVy1Km3d6Dxnxhy3CFkrWzTh81VN0/getUpdates "HTTP/1.1 200 OK"
2026-02-14 12:21:44,912 - INFO - HTTP Request: POST https://api.telegram.org/bot8074227016:AAF7g_KVy1Km3d6Dxnxhy3CFkrWzTh81VN0/sendMessage "HTTP/1.1 200 OK"
2026-02-14 12:21:54,927 - INFO - HTTP Request: POST https://api.telegram.org/bot8074227016:AAF7g_KVy1Km3d6Dxnxhy3CFkrWzTh81VN0/getUpdates "HTTP/1.1 200 OK"
2026-02-14 12:22:05,065 - INFO - HTTP Request: POST https://api.telegram.org/bot8074227016:AAF7g_KVy1Km3d6Dxnxhy3CFkrWzTh81VN0/getUpdates "HTTP/1.1 200 OK"
2026-02-14 12:22:15,213 - INFO - HTTP Request: POST https://api.telegram.org/bot8074227016:AAF7g_KVy1Km3d6Dxnxhy3CFkrWzTh81VN0/getUpdates "HTTP/1.1 200 OK"
2026-02-14 12:22:25,341 - INFO - HTTP Request: POST https://api.telegram.org/bot8074227016:AAF7g_KVy1Km3d6Dxnxhy3CFkrWzTh81VN0/getUpdates "HTTP/1.1 200 OK"
2026-02-14 12:22:35,375 - INFO - HTTP Request: POST https://api.telegram.org/bot8074227016:AAF7g_KVy1Km3d6Dxnxhy3CFkrWzTh81VN0/getUpdates "HTTP/1.1 200 OK"
2026-02-14 12:22:45,405 - INFO - HTTP Request: POST https://api.telegram.org/bot8074227016:AAF7g_KVy1Km3d6Dxnxhy3CFkrWzTh81VN0/getUpdates "HTTP/1.1 200 OK"
2026-02-14 12:22:55,436 - INFO - HTTP Request: POST https://api.telegram.org/bot8074227016:AAF7g_KVy1Km3d6Dxnxhy3CFkrWzTh81VN0/getUpdates "HTTP/1.1 200 OK"
2026-02-14 12:23:05,467 - INFO - HTTP Request: POST https://api.telegram.org/bot8074227016:AAF7g_KVy1Km3d6Dxnxhy3CFkrWzTh81VN0/getUpdates "HTTP/1.1 200 OK"
2026-02-14 12:23:15,499 - INFO - HTTP Request: POST https://api.telegram.org/bot8074227016:AAF7g_KVy1Km3d6Dxnxhy3CFkrWzTh81VN0/getUpdates "HTTP/1.1 200 OK"
2026-02-14 12:23:17,959 - INFO - HTTP Request: POST https://api.telegram.org/bot8074227016:AAF7g_KVy1Km3d6Dxnxhy3CFkrWzTh81VN0/getUpdates "HTTP/1.1 200 OK"
2026-02-14 12:23:18,124 - INFO - HTTP Request: POST https://api.telegram.org/bot8074227016:AAF7g_KVy1Km3d6Dxnxhy3CFkrWzTh81VN0/sendMessage "HTTP/1.1 200 OK"
2026-02-14 12:23:28,059 - INFO - HTTP Request: POST https://api.telegram.org/bot8074227016:AAF7g_KVy1Km3d6Dxnxhy3CFkrWzTh81VN0/getUpdates "HTTP/1.1 200 OK"
2026-02-14 12:23:36,941 - INFO - HTTP Request: POST https://api.telegram.org/bot8074227016:AAF7g_KVy1Km3d6Dxnxhy3CFkrWzTh81VN0/getUpdates "HTTP/1.1 200 OK"
2026-02-14 12:23:37,298 - INFO - HTTP Request: POST https://api.telegram.org/bot8074227016:AAF7g_KVy1Km3d6Dxnxhy3CFkrWzTh81VN0/sendMessage "HTTP/1.1 200 OK"
2026-02-14 12:23:45,012 - INFO - HTTP Request: POST https://api.telegram.org/bot8074227016:AAF7g_KVy1Km3d6Dxnxhy3CFkrWzTh81VN0/getUpdates "HTTP/1.1 200 OK"
2026-02-14 12:23:45,196 - INFO - HTTP Request: POST https://api.telegram.org/bot8074227016:AAF7g_KVy1Km3d6Dxnxhy3CFkrWzTh81VN0/sendMessage "HTTP/1.1 200 OK"
2026-02-14 12:23:48,186 - INFO - HTTP Request: POST https://api.telegram.org/bot8074227016:AAF7g_KVy1Km3d6Dxnxhy3CFkrWzTh81VN0/getUpdates "HTTP/1.1 200 OK"
2026-02-14 12:23:48,276 - INFO - HTTP Request: POST https://api.telegram.org/bot8074227016:AAF7g_KVy1Km3d6Dxnxhy3CFkrWzTh81VN0/sendMessage "HTTP/1.1 200 OK"
2026-02-14 12:23:50,335 - INFO - HTTP Request: POST https://api.telegram.org/bot8074227016:AAF7g_KVy1Km3d6Dxnxhy3CFkrWzTh81VN0/getUpdates "HTTP/1.1 200 OK"
2026-02-14 12:23:50,409 - INFO - HTTP Request: POST https://api.telegram.org/bot8074227016:AAF7g_KVy1Km3d6Dxnxhy3CFkrWzTh81VN0/sendMessage "HTTP/1.1 200 OK"
2026-02-14 12:23:52,691 - INFO - HTTP Request: POST https://api.telegram.org/bot8074227016:AAF7g_KVy1Km3d6Dxnxhy3CFkrWzTh81VN0/getUpdates "HTTP/1.1 200 OK"
2026-02-14 12:23:52,789 - INFO - HTTP Request: POST https://api.telegram.org/bot8074227016:AAF7g_KVy1Km3d6Dxnxhy3CFkrWzTh81VN0/sendMessage "HTTP/1.1 200 OK"
2026-02-14 12:23:56,267 - INFO - HTTP Request: POST https://api.telegram.org/bot8074227016:AAF7g_KVy1Km3d6Dxnxhy3CFkrWzTh81VN0/getUpdates "HTTP/1.1 200 OK"
2026-02-14 12:23:56,346 - INFO - HTTP Request: POST https://api.telegram.org/bot8074227016:AAF7g_KVy1Km3d6Dxnxhy3CFkrWzTh81VN0/sendMessage "HTTP/1.1 200 OK"
2026-02-14 12:24:06,412 - INFO - HTTP Request: POST https://api.telegram.org/bot8074227016:AAF7g_KVy1Km3d6Dxnxhy3CFkrWzTh81VN0/getUpdates "HTTP/1.1 200 OK"
2026-02-14 12:24:07,358 - INFO - HTTP Request: POST https://api.telegram.org/bot8074227016:AAF7g_KVy1Km3d6Dxnxhy3CFkrWzTh81VN0/getUpdates "HTTP/1.1 200 OK"
2026-02-14 12:24:07,504 - INFO - HTTP Request: POST https://api.telegram.org/bot8074227016:AAF7g_KVy1Km3d6Dxnxhy3CFkrWzTh81VN0/sendMessage "HTTP/1.1 200 OK"
2026-02-14 12:24:17,393 - INFO - HTTP Request: POST https://api.telegram.org/bot8074227016:AAF7g_KVy1Km3d6Dxnxhy3CFkrWzTh81VN0/getUpdates "HTTP/1.1 200 OK"
2026-02-14 12:24:17,452 - INFO - HTTP Request: POST https://api.telegram.org/bot8074227016:AAF7g_KVy1Km3d6Dxnxhy3CFkrWzTh81VN0/getUpdates "HTTP/1.1 200 OK"
2026-02-14 12:24:17,454 - INFO - Search saved: Lordagindoor
2026-02-14 12:24:17,603 - INFO - HTTP Request: POST https://api.telegram.org/bot8074227016:AAF7g_KVy1Km3d6Dxnxhy3CFkrWzTh81VN0/sendMessage "HTTP/1.1 200 OK"
2026-02-14 12:24:23,411 - INFO - HTTP Request: POST https://api.telegram.org/bot8074227016:AAF7g_KVy1Km3d6Dxnxhy3CFkrWzTh81VN0/getUpdates "HTTP/1.1 200 OK"
2026-02-14 12:24:23,516 - INFO - HTTP Request: POST https://api.telegram.org/bot8074227016:AAF7g_KVy1Km3d6Dxnxhy3CFkrWzTh81VN0/answerCallbackQuery "HTTP/1.1 200 OK"
2026-02-14 12:24:23,518 - INFO - Search started: Lordagindoor
2026-02-14 12:24:23,518 - INFO - Starting search: Lordagindoor
2026-02-14 12:24:23,519 - INFO - Will run until: 2026-02-21 18:00
2026-02-14 12:24:23,519 - INFO - Search #1 at 12:24:23
2026-02-14 12:24:23,573 - INFO - HTTP Request: POST https://api.telegram.org/bot8074227016:AAF7g_KVy1Km3d6Dxnxhy3CFkrWzTh81VN0/editMessageText "HTTP/1.1 200 OK"
2026-02-14 12:24:33,734 - INFO - HTTP Request: POST https://api.telegram.org/bot8074227016:AAF7g_KVy1Km3d6Dxnxhy3CFkrWzTh81VN0/getUpdates "HTTP/1.1 200 OK"
2026-02-14 12:24:43,902 - INFO - HTTP Request: POST https://api.telegram.org/bot8074227016:AAF7g_KVy1Km3d6Dxnxhy3CFkrWzTh81VN0/getUpdates "HTTP/1.1 200 OK"
2026-02-14 12:24:53,932 - INFO - HTTP Request: POST https://api.telegram.org/bot8074227016:AAF7g_KVy1Km3d6Dxnxhy3CFkrWzTh81VN0/getUpdates "HTTP/1.1 200 OK"
2026-02-14 12:25:03,963 - INFO - HTTP Request: POST https://api.telegram.org/bot8074227016:AAF7g_KVy1Km3d6Dxnxhy3CFkrWzTh81VN0/getUpdates "HTTP/1.1 200 OK"
2026-02-14 12:25:13,993 - INFO - HTTP Request: POST https://api.telegram.org/bot8074227016:AAF7g_KVy1Km3d6Dxnxhy3CFkrWzTh81VN0/getUpdates "HTTP/1.1 200 OK"
2026-02-14 12:25:24,340 - INFO - HTTP Request: POST https://api.telegram.org/bot8074227016:AAF7g_KVy1Km3d6Dxnxhy3CFkrWzTh81VN0/getUpdates "HTTP/1.1 200 OK"
2026-02-14 12:25:34,478 - INFO - HTTP Request: POST https://api.telegram.org/bot8074227016:AAF7g_KVy1Km3d6Dxnxhy3CFkrWzTh81VN0/getUpdates "HTTP/1.1 200 OK"
2026-02-14 12:25:44,619 - INFO - HTTP Request: POST https://api.telegram.org/bot8074227016:AAF7g_KVy1Km3d6Dxnxhy3CFkrWzTh81VN0/getUpdates "HTTP/1.1 200 OK"
2026-02-14 12:25:54,667 - INFO - HTTP Request: POST https://api.telegram.org/bot8074227016:AAF7g_KVy1Km3d6Dxnxhy3CFkrWzTh81VN0/getUpdates "HTTP/1.1 200 OK"
2026-02-14 12:26:04,698 - INFO - HTTP Request: POST https://api.telegram.org/bot8074227016:AAF7g_KVy1Km3d6Dxnxhy3CFkrWzTh81VN0/getUpdates "HTTP/1.1 200 OK"
2026-02-14 12:26:14,824 - INFO - HTTP Request: POST https://api.telegram.org/bot8074227016:AAF7g_KVy1Km3d6Dxnxhy3CFkrWzTh81VN0/getUpdates "HTTP/1.1 200 OK"
2026-02-14 12:26:24,854 - INFO - HTTP Request: POST https://api.telegram.org/bot8074227016:AAF7g_KVy1Km3d6Dxnxhy3CFkrWzTh81VN0/getUpdates "HTTP/1.1 200 OK"
2026-02-14 12:26:35,177 - INFO - HTTP Request: POST https://api.telegram.org/bot8074227016:AAF7g_KVy1Km3d6Dxnxhy3CFkrWzTh81VN0/getUpdates "HTTP/1.1 200 OK"
2026-02-14 12:26:45,211 - INFO - HTTP Request: POST https://api.telegram.org/bot8074227016:AAF7g_KVy1Km3d6Dxnxhy3CFkrWzTh81VN0/getUpdates "HTTP/1.1 200 OK"
2026-02-14 12:26:55,273 - INFO - HTTP Request: POST https://api.telegram.org/bot8074227016:AAF7g_KVy1Km3d6Dxnxhy3CFkrWzTh81VN0/getUpdates "HTTP/1.1 200 OK"
2026-02-14 12:27:05,303 - INFO - HTTP Request: POST https://api.telegram.org/bot8074227016:AAF7g_KVy1Km3d6Dxnxhy3CFkrWzTh81VN0/getUpdates "HTTP/1.1 200 OK"
2026-02-14 12:27:15,334 - INFO - HTTP Request: POST https://api.telegram.org/bot8074227016:AAF7g_KVy1Km3d6Dxnxhy3CFkrWzTh81VN0/getUpdates "HTTP/1.1 200 OK"
2026-02-14 12:27:25,364 - INFO - HTTP Request: POST https://api.telegram.org/bot8074227016:AAF7g_KVy1Km3d6Dxnxhy3CFkrWzTh81VN0/getUpdates "HTTP/1.1 200 OK"
2026-02-14 12:27:35,414 - INFO - HTTP Request: POST https://api.telegram.org/bot8074227016:AAF7g_KVy1Km3d6Dxnxhy3CFkrWzTh81VN0/getUpdates "HTTP/1.1 200 OK"
2026-02-14 12:27:45,552 - INFO - HTTP Request: POST https://api.telegram.org/bot8074227016:AAF7g_KVy1Km3d6Dxnxhy3CFkrWzTh81VN0/getUpdates "HTTP/1.1 200 OK"
2026-02-14 12:27:55,584 - INFO - HTTP Request: POST https://api.telegram.org/bot8074227016:AAF7g_KVy1Km3d6Dxnxhy3CFkrWzTh81VN0/getUpdates "HTTP/1.1 200 OK"
2026-02-14 12:28:05,724 - INFO - HTTP Request: POST https://api.telegram.org/bot8074227016:AAF7g_KVy1Km3d6Dxnxhy3CFkrWzTh81VN0/getUpdates "HTTP/1.1 200 OK"
2026-02-14 12:28:15,756 - INFO - HTTP Request: POST https://api.telegram.org/bot8074227016:AAF7g_KVy1Km3d6Dxnxhy3CFkrWzTh81VN0/getUpdates "HTTP/1.1 200 OK"
2026-02-14 12:28:25,787 - INFO - HTTP Request: POST https://api.telegram.org/bot8074227016:AAF7g_KVy1Km3d6Dxnxhy3CFkrWzTh81VN0/getUpdates "HTTP/1.1 200 OK"
2026-02-14 12:28:35,933 - INFO - HTTP Request: POST https://api.telegram.org/bot8074227016:AAF7g_KVy1Km3d6Dxnxhy3CFkrWzTh81VN0/getUpdates "HTTP/1.1 200 OK"
2026-02-14 12:28:46,039 - INFO - HTTP Request: POST https://api.telegram.org/bot8074227016:AAF7g_KVy1Km3d6Dxnxhy3CFkrWzTh81VN0/getUpdates "HTTP/1.1 200 OK"
2026-02-14 12:28:56,106 - INFO - HTTP Request: POST https://api.telegram.org/bot8074227016:AAF7g_KVy1Km3d6Dxnxhy3CFkrWzTh81VN0/getUpdates "HTTP/1.1 200 OK"
2026-02-14 12:29:06,244 - INFO - HTTP Request: POST https://api.telegram.org/bot8074227016:AAF7g_KVy1Km3d6Dxnxhy3CFkrWzTh81VN0/getUpdates "HTTP/1.1 200 OK"
2026-02-14 12:29:16,276 - INFO - HTTP Request: POST https://api.telegram.org/bot8074227016:AAF7g_KVy1Km3d6Dxnxhy3CFkrWzTh81VN0/getUpdates "HTTP/1.1 200 OK"
2026-02-14 12:29:23,932 - INFO - Search #2 at 12:29:23
2026-02-14 12:29:26,306 - INFO - HTTP Request: POST https://api.telegram.org/bot8074227016:AAF7g_KVy1Km3d6Dxnxhy3CFkrWzTh81VN0/getUpdates "HTTP/1.1 200 OK"
2026-02-14 12:29:36,452 - INFO - HTTP Request: POST https://api.telegram.org/bot8074227016:AAF7g_KVy1Km3d6Dxnxhy3CFkrWzTh81VN0/getUpdates "HTTP/1.1 200 OK"
2026-02-14 12:29:46,485 - INFO - HTTP Request: POST https://api.telegram.org/bot8074227016:AAF7g_KVy1Km3d6Dxnxhy3CFkrWzTh81VN0/getUpdates "HTTP/1.1 200 OK"
2026-02-14 12:29:56,625 - INFO - HTTP Request: POST https://api.telegram.org/bot8074227016:AAF7g_KVy1Km3d6Dxnxhy3CFkrWzTh81VN0/getUpdates "HTTP/1.1 200 OK"
2026-02-14 12:30:06,734 - INFO - HTTP Request: POST https://api.telegram.org/bot8074227016:AAF7g_KVy1Km3d6Dxnxhy3CFkrWzTh81VN0/getUpdates "HTTP/1.1 200 OK"
2026-02-14 12:30:16,765 - INFO - HTTP Request: POST https://api.telegram.org/bot8074227016:AAF7g_KVy1Km3d6Dxnxhy3CFkrWzTh81VN0/getUpdates "HTTP/1.1 200 OK"
2026-02-14 12:30:26,834 - INFO - HTTP Request: POST https://api.telegram.org/bot8074227016:AAF7g_KVy1Km3d6Dxnxhy3CFkrWzTh81VN0/getUpdates "HTTP/1.1 200 OK"
2026-02-14 12:30:36,971 - INFO - HTTP Request: POST https://api.telegram.org/bot8074227016:AAF7g_KVy1Km3d6Dxnxhy3CFkrWzTh81VN0/getUpdates "HTTP/1.1 200 OK"
2026-02-14 12:30:47,109 - INFO - HTTP Request: POST https://api.telegram.org/bot8074227016:AAF7g_KVy1Km3d6Dxnxhy3CFkrWzTh81VN0/getUpdates "HTTP/1.1 200 OK"
2026-02-14 12:30:57,246 - INFO - HTTP Request: POST https://api.telegram.org/bot8074227016:AAF7g_KVy1Km3d6Dxnxhy3CFkrWzTh81VN0/getUpdates "HTTP/1.1 200 OK"
2026-02-14 12:31:07,486 - INFO - HTTP Request: POST https://api.telegram.org/bot8074227016:AAF7g_KVy1Km3d6Dxnxhy3CFkrWzTh81VN0/getUpdates "HTTP/1.1 200 OK"
2026-02-14 12:31:17,516 - INFO - HTTP Request: POST https://api.telegram.org/bot8074227016:AAF7g_KVy1Km3d6Dxnxhy3CFkrWzTh81VN0/getUpdates "HTTP/1.1 200 OK"
2026-02-14 12:31:27,547 - INFO - HTTP Request: POST https://api.telegram.org/bot8074227016:AAF7g_KVy1Km3d6Dxnxhy3CFkrWzTh81VN0/getUpdates "HTTP/1.1 200 OK"
2026-02-14 12:31:37,578 - INFO - HTTP Request: POST https://api.telegram.org/bot8074227016:AAF7g_KVy1Km3d6Dxnxhy3CFkrWzTh81VN0/getUpdates "HTTP/1.1 200 OK"
2026-02-14 12:31:47,608 - INFO - HTTP Request: POST https://api.telegram.org/bot8074227016:AAF7g_KVy1Km3d6Dxnxhy3CFkrWzTh81VN0/getUpdates "HTTP/1.1 200 OK"
2026-02-14 12:31:57,638 - INFO - HTTP Request: POST https://api.telegram.org/bot8074227016:AAF7g_KVy1Km3d6Dxnxhy3CFkrWzTh81VN0/getUpdates "HTTP/1.1 200 OK"
2026-02-14 12:32:07,668 - INFO - HTTP Request: POST https://api.telegram.org/bot8074227016:AAF7g_KVy1Km3d6Dxnxhy3CFkrWzTh81VN0/getUpdates "HTTP/1.1 200 OK"
2026-02-14 12:32:17,699 - INFO - HTTP Request: POST https://api.telegram.org/bot8074227016:AAF7g_KVy1Km3d6Dxnxhy3CFkrWzTh81VN0/getUpdates "HTTP/1.1 200 OK"
2026-02-14 12:32:27,732 - INFO - HTTP Request: POST https://api.telegram.org/bot8074227016:AAF7g_KVy1Km3d6Dxnxhy3CFkrWzTh81VN0/getUpdates "HTTP/1.1 200 OK"
2026-02-14 12:32:37,763 - INFO - HTTP Request: POST https://api.telegram.org/bot8074227016:AAF7g_KVy1Km3d6Dxnxhy3CFkrWzTh81VN0/getUpdates "HTTP/1.1 200 OK"
2026-02-14 12:32:47,793 - INFO - HTTP Request: POST https://api.telegram.org/bot8074227016:AAF7g_KVy1Km3d6Dxnxhy3CFkrWzTh81VN0/getUpdates "HTTP/1.1 200 OK"
2026-02-14 12:32:57,822 - INFO - HTTP Request: POST https://api.telegram.org/bot8074227016:AAF7g_KVy1Km3d6Dxnxhy3CFkrWzTh81VN0/getUpdates "HTTP/1.1 200 OK"
2026-02-14 12:33:07,853 - INFO - HTTP Request: POST https://api.telegram.org/bot8074227016:AAF7g_KVy1Km3d6Dxnxhy3CFkrWzTh81VN0/getUpdates "HTTP/1.1 200 OK"
2026-02-14 12:33:17,884 - INFO - HTTP Request: POST https://api.telegram.org/bot8074227016:AAF7g_KVy1Km3d6Dxnxhy3CFkrWzTh81VN0/getUpdates "HTTP/1.1 200 OK"
2026-02-14 12:33:27,914 - INFO - HTTP Request: POST https://api.telegram.org/bot8074227016:AAF7g_KVy1Km3d6Dxnxhy3CFkrWzTh81VN0/getUpdates "HTTP/1.1 200 OK"
2026-02-14 12:33:37,944 - INFO - HTTP Request: POST https://api.telegram.org/bot8074227016:AAF7g_KVy1Km3d6Dxnxhy3CFkrWzTh81VN0/getUpdates "HTTP/1.1 200 OK"
2026-02-14 12:33:47,975 - INFO - HTTP Request: POST https://api.telegram.org/bot8074227016:AAF7g_KVy1Km3d6Dxnxhy3CFkrWzTh81VN0/getUpdates "HTTP/1.1 200 OK"
2026-02-14 12:33:58,006 - INFO - HTTP Request: POST https://api.telegram.org/bot8074227016:AAF7g_KVy1Km3d6Dxnxhy3CFkrWzTh81VN0/getUpdates "HTTP/1.1 200 OK"
2026-02-14 12:34:08,036 - INFO - HTTP Request: POST https://api.telegram.org/bot8074227016:AAF7g_KVy1Km3d6Dxnxhy3CFkrWzTh81VN0/getUpdates "HTTP/1.1 200 OK"
2026-02-14 12:34:18,069 - INFO - HTTP Request: POST https://api.telegram.org/bot8074227016:AAF7g_KVy1Km3d6Dxnxhy3CFkrWzTh81VN0/getUpdates "HTTP/1.1 200 OK"
2026-02-14 12:34:24,270 - INFO - Search #3 at 12:34:24
2026-02-14 12:34:28,100 - INFO - HTTP Request: POST https://api.telegram.org/bot8074227016:AAF7g_KVy1Km3d6Dxnxhy3CFkrWzTh81VN0/getUpdates "HTTP/1.1 200 OK"
2026-02-14 12:34:38,380 - INFO - HTTP Request: POST https://api.telegram.org/bot8074227016:AAF7g_KVy1Km3d6Dxnxhy3CFkrWzTh81VN0/getUpdates "HTTP/1.1 200 OK"
2026-02-14 12:34:48,460 - INFO - HTTP Request: POST https://api.telegram.org/bot8074227016:AAF7g_KVy1Km3d6Dxnxhy3CFkrWzTh81VN0/getUpdates "HTTP/1.1 200 OK"
2026-02-14 12:34:58,604 - INFO - HTTP Request: POST https://api.telegram.org/bot8074227016:AAF7g_KVy1Km3d6Dxnxhy3CFkrWzTh81VN0/getUpdates "HTTP/1.1 200 OK"
2026-02-14 12:35:08,742 - INFO - HTTP Request: POST https://api.telegram.org/bot8074227016:AAF7g_KVy1Km3d6Dxnxhy3CFkrWzTh81VN0/getUpdates "HTTP/1.1 200 OK"
2026-02-14 12:35:18,880 - INFO - HTTP Request: POST https://api.telegram.org/bot8074227016:AAF7g_KVy1Km3d6Dxnxhy3CFkrWzTh81VN0/getUpdates "HTTP/1.1 200 OK"
2026-02-14 12:35:28,911 - INFO - HTTP Request: POST https://api.telegram.org/bot8074227016:AAF7g_KVy1Km3d6Dxnxhy3CFkrWzTh81VN0/getUpdates "HTTP/1.1 200 OK"
2026-02-14 12:35:39,052 - INFO - HTTP Request: POST https://api.telegram.org/bot8074227016:AAF7g_KVy1Km3d6Dxnxhy3CFkrWzTh81VN0/getUpdates "HTTP/1.1 200 OK"
2026-02-14 12:35:49,190 - INFO - HTTP Request: POST https://api.telegram.org/bot8074227016:AAF7g_KVy1Km3d6Dxnxhy3CFkrWzTh81VN0/getUpdates "HTTP/1.1 200 OK"
2026-02-14 12:35:59,637 - INFO - HTTP Request: POST https://api.telegram.org/bot8074227016:AAF7g_KVy1Km3d6Dxnxhy3CFkrWzTh81VN0/getUpdates "HTTP/1.1 200 OK"
2026-02-14 12:36:09,670 - INFO - HTTP Request: POST https://api.telegram.org/bot8074227016:AAF7g_KVy1Km3d6Dxnxhy3CFkrWzTh81VN0/getUpdates "HTTP/1.1 200 OK"
2026-02-14 12:36:19,808 - INFO - HTTP Request: POST https://api.telegram.org/bot8074227016:AAF7g_KVy1Km3d6Dxnxhy3CFkrWzTh81VN0/getUpdates "HTTP/1.1 200 OK"
2026-02-14 12:36:29,843 - INFO - HTTP Request: POST https://api.telegram.org/bot8074227016:AAF7g_KVy1Km3d6Dxnxhy3CFkrWzTh81VN0/getUpdates "HTTP/1.1 200 OK"
2026-02-14 12:36:39,878 - INFO - HTTP Request: POST https://api.telegram.org/bot8074227016:AAF7g_KVy1Km3d6Dxnxhy3CFkrWzTh81VN0/getUpdates "HTTP/1.1 200 OK"
2026-02-14 12:36:49,908 - INFO - HTTP Request: POST https://api.telegram.org/bot8074227016:AAF7g_KVy1Km3d6Dxnxhy3CFkrWzTh81VN0/getUpdates "HTTP/1.1 200 OK"
2026-02-14 12:36:59,939 - INFO - HTTP Request: POST https://api.telegram.org/bot8074227016:AAF7g_KVy1Km3d6Dxnxhy3CFkrWzTh81VN0/getUpdates "HTTP/1.1 200 OK"
2026-02-14 12:37:09,984 - INFO - HTTP Request: POST https://api.telegram.org/bot8074227016:AAF7g_KVy1Km3d6Dxnxhy3CFkrWzTh81VN0/getUpdates "HTTP/1.1 200 OK"
2026-02-14 12:37:20,017 - INFO - HTTP Request: POST https://api.telegram.org/bot8074227016:AAF7g_KVy1Km3d6Dxnxhy3CFkrWzTh81VN0/getUpdates "HTTP/1.1 200 OK"
2026-02-14 12:37:30,362 - INFO - HTTP Request: POST https://api.telegram.org/bot8074227016:AAF7g_KVy1Km3d6Dxnxhy3CFkrWzTh81VN0/getUpdates "HTTP/1.1 200 OK"
2026-02-14 12:37:40,500 - INFO - HTTP Request: POST https://api.telegram.org/bot8074227016:AAF7g_KVy1Km3d6Dxnxhy3CFkrWzTh81VN0/getUpdates "HTTP/1.1 200 OK"
2026-02-14 12:37:50,539 - INFO - HTTP Request: POST https://api.telegram.org/bot8074227016:AAF7g_KVy1Km3d6Dxnxhy3CFkrWzTh81VN0/getUpdates "HTTP/1.1 200 OK"
2026-02-14 12:38:00,577 - INFO - HTTP Request: POST https://api.telegram.org/bot8074227016:AAF7g_KVy1Km3d6Dxnxhy3CFkrWzTh81VN0/getUpdates "HTTP/1.1 200 OK"
2026-02-14 12:38:10,613 - INFO - HTTP Request: POST https://api.telegram.org/bot8074227016:AAF7g_KVy1Km3d6Dxnxhy3CFkrWzTh81VN0/getUpdates "HTTP/1.1 200 OK"
2026-02-14 12:38:20,736 - INFO - HTTP Request: POST https://api.telegram.org/bot8074227016:AAF7g_KVy1Km3d6Dxnxhy3CFkrWzTh81VN0/getUpdates "HTTP/1.1 200 OK"
2026-02-14 12:38:30,771 - INFO - HTTP Request: POST https://api.telegram.org/bot8074227016:AAF7g_KVy1Km3d6Dxnxhy3CFkrWzTh81VN0/getUpdates "HTTP/1.1 200 OK"
2026-02-14 12:38:40,916 - INFO - HTTP Request: POST https://api.telegram.org/bot8074227016:AAF7g_KVy1Km3d6Dxnxhy3CFkrWzTh81VN0/getUpdates "HTTP/1.1 200 OK"
2026-02-14 12:38:51,247 - INFO - HTTP Request: POST https://api.telegram.org/bot8074227016:AAF7g_KVy1Km3d6Dxnxhy3CFkrWzTh81VN0/getUpdates "HTTP/1.1 200 OK"
2026-02-14 12:39:01,432 - INFO - HTTP Request: POST https://api.telegram.org/bot8074227016:AAF7g_KVy1Km3d6Dxnxhy3CFkrWzTh81VN0/getUpdates "HTTP/1.1 200 OK"
2026-02-14 12:39:11,471 - INFO - HTTP Request: POST https://api.telegram.org/bot8074227016:AAF7g_KVy1Km3d6Dxnxhy3CFkrWzTh81VN0/getUpdates "HTTP/1.1 200 OK"
2026-02-14 12:39:21,569 - INFO - HTTP Request: POST https://api.telegram.org/bot8074227016:AAF7g_KVy1Km3d6Dxnxhy3CFkrWzTh81VN0/getUpdates "HTTP/1.1 200 OK"
2026-02-14 12:39:24,643 - INFO - Search #4 at 12:39:24
2026-02-14 12:39:31,605 - INFO - HTTP Request: POST https://api.telegram.org/bot8074227016:AAF7g_KVy1Km3d6Dxnxhy3CFkrWzTh81VN0/getUpdates "HTTP/1.1 200 OK"
2026-02-14 12:39:41,636 - INFO - HTTP Request: POST https://api.telegram.org/bot8074227016:AAF7g_KVy1Km3d6Dxnxhy3CFkrWzTh81VN0/getUpdates "HTTP/1.1 200 OK"
2026-02-14 12:39:51,671 - INFO - HTTP Request: POST https://api.telegram.org/bot8074227016:AAF7g_KVy1Km3d6Dxnxhy3CFkrWzTh81VN0/getUpdates "HTTP/1.1 200 OK"
2026-02-14 12:40:01,703 - INFO - HTTP Request: POST https://api.telegram.org/bot8074227016:AAF7g_KVy1Km3d6Dxnxhy3CFkrWzTh81VN0/getUpdates "HTTP/1.1 200 OK"
2026-02-14 12:40:12,011 - INFO - HTTP Request: POST https://api.telegram.org/bot8074227016:AAF7g_KVy1Km3d6Dxnxhy3CFkrWzTh81VN0/getUpdates "HTTP/1.1 200 OK"
2026-02-14 12:40:22,050 - INFO - HTTP Request: POST https://api.telegram.org/bot8074227016:AAF7g_KVy1Km3d6Dxnxhy3CFkrWzTh81VN0/getUpdates "HTTP/1.1 200 OK"
2026-02-14 12:40:32,432 - INFO - HTTP Request: POST https://api.telegram.org/bot8074227016:AAF7g_KVy1Km3d6Dxnxhy3CFkrWzTh81VN0/getUpdates "HTTP/1.1 200 OK"
2026-02-14 12:40:42,569 - INFO - HTTP Request: POST https://api.telegram.org/bot8074227016:AAF7g_KVy1Km3d6Dxnxhy3CFkrWzTh81VN0/getUpdates "HTTP/1.1 200 OK"
2026-02-14 12:40:49,467 - INFO - HTTP Request: POST https://api.telegram.org/bot8074227016:AAF7g_KVy1Km3d6Dxnxhy3CFkrWzTh81VN0/getUpdates "HTTP/1.1 200 OK"
2026-02-14 12:40:49,468 - INFO - Application is stopping. This might take a moment.
2026-02-14 12:40:49,468 - INFO - Application.stop() complete
